mode: set
github.com/nxdir-s/pipelines/pipelines.go:9.86,12.12 2 1
github.com/nxdir-s/pipelines/pipelines.go:12.12,15.7 2 1
github.com/nxdir-s/pipelines/pipelines.go:15.7,16.11 1 1
github.com/nxdir-s/pipelines/pipelines.go:17.22,18.11 1 1
github.com/nxdir-s/pipelines/pipelines.go:19.27,19.27 0 1
github.com/nxdir-s/pipelines/pipelines.go:24.2,24.15 1 1
github.com/nxdir-s/pipelines/pipelines.go:28.65,31.12 2 1
github.com/nxdir-s/pipelines/pipelines.go:31.12,34.23 2 1
github.com/nxdir-s/pipelines/pipelines.go:34.23,35.11 1 1
github.com/nxdir-s/pipelines/pipelines.go:36.22,37.11 1 0
github.com/nxdir-s/pipelines/pipelines.go:38.27,38.27 0 1
github.com/nxdir-s/pipelines/pipelines.go:43.2,43.15 1 1
github.com/nxdir-s/pipelines/pipelines.go:47.88,50.12 2 1
github.com/nxdir-s/pipelines/pipelines.go:50.12,53.23 2 1
github.com/nxdir-s/pipelines/pipelines.go:53.23,54.11 1 1
github.com/nxdir-s/pipelines/pipelines.go:55.22,56.11 1 0
github.com/nxdir-s/pipelines/pipelines.go:57.27,57.27 0 1
github.com/nxdir-s/pipelines/pipelines.go:62.2,62.15 1 1
github.com/nxdir-s/pipelines/pipelines.go:66.124,67.29 1 1
github.com/nxdir-s/pipelines/pipelines.go:67.29,70.13 2 1
github.com/nxdir-s/pipelines/pipelines.go:70.13,73.35 2 1
github.com/nxdir-s/pipelines/pipelines.go:73.35,74.12 1 1
github.com/nxdir-s/pipelines/pipelines.go:75.23,76.12 1 0
github.com/nxdir-s/pipelines/pipelines.go:77.13,79.30 1 1
github.com/nxdir-s/pipelines/pipelines.go:84.3,84.16 1 1
github.com/nxdir-s/pipelines/pipelines.go:87.2,89.30 2 1
github.com/nxdir-s/pipelines/pipelines.go:89.30,91.3 1 1
github.com/nxdir-s/pipelines/pipelines.go:93.2,93.23 1 1
github.com/nxdir-s/pipelines/pipelines.go:97.71,101.31 3 1
github.com/nxdir-s/pipelines/pipelines.go:101.31,104.22 2 1
github.com/nxdir-s/pipelines/pipelines.go:104.22,105.11 1 1
github.com/nxdir-s/pipelines/pipelines.go:106.22,107.11 1 0
github.com/nxdir-s/pipelines/pipelines.go:108.31,108.31 0 1
github.com/nxdir-s/pipelines/pipelines.go:113.2,113.26 1 1
github.com/nxdir-s/pipelines/pipelines.go:113.26,116.3 2 1
github.com/nxdir-s/pipelines/pipelines.go:118.2,118.12 1 1
github.com/nxdir-s/pipelines/pipelines.go:118.12,121.3 2 1
github.com/nxdir-s/pipelines/pipelines.go:123.2,123.23 1 1
